C:\Users\Illia\AppData\Local\Programs\Python\Python310\lib\site-packages\google\api_core\_python_version_support.py:266: FutureWarning: You are using a Python version (3.10.7) which Google will stop supporting in new releases of google.api_core once it reaches its end of life (2026-10-04). Please upgrade to the latest Python version, or at least Python 3.11, to continue receiving updates for google.api_core past that date.
  warnings.warn(message, FutureWarning)
[SCHEDULER] Auto-analysis DISABLED (manual mode only)
================================================================================
>>> Starting AIBI Server... Awaiting Flask startup.
================================================================================

[STARTUP] Initializing background services...
[SYSTEM] Background bot thread started

[SERVER] Configuration:
[SERVER] - Running on http://0.0.0.0:8080
[SERVER] - Scheduled tasks every 20 minutes
[SERVER] - Draft bot listener (continuous)
[SERVER] - /check command support (manual trigger)
[SERVER] - Auto-recovery enabled for network issues

[SERVER] Available endpoints:
[SERVER] - GET  http://0.0.0.0:8080/            (Status page)
[SERVER] - GET  http://0.0.0.0:8080/force_run   (Manual analysis)
[SERVER] - MSG  /check (via Telegram)            (Manual analysis)

================================================================================
[DRAFT BOT] [STARTUP] Starting background bot listener...
[DRAFT BOT] Starting bot...
[TG_SERVICE] Connection attempt 1/3...
 * Serving Flask app 'main'
 * Debug mode: off
WARNING: This is a development server. Do not use it in a production deployment. Use a production WSGI server instead.
 * Running on all addresses (0.0.0.0)
 * Running on http://127.0.0.1:8080
 * Running on http://10.2.0.2:8080
Press CTRL+C to quit
Cannot get difference since the account is likely misusing the session: database is locked
Unhandled exception from keepalive_handle after cancelling <class '_asyncio.Task'> (<Task finished name='Task-8' coro=<UpdateMethods._keepalive_loop() done, defined at C:\Users\Illia\AppData\Local\Programs\Python\Python310\lib\site-packages\telethon\client\updates.py:485> exception=OperationalError('database is locked')>)
Traceback (most recent call last):
  File "C:\Users\Illia\AppData\Local\Programs\Python\Python310\lib\site-packages\telethon\helpers.py", line 176, in _cancel
    await task
  File "C:\Users\Illia\AppData\Local\Programs\Python\Python310\lib\site-packages\telethon\client\updates.py", line 521, in _keepalive_loop
    await self._save_states_and_entities()
  File "C:\Users\Illia\AppData\Local\Programs\Python\Python310\lib\site-packages\telethon\client\telegrambaseclient.py", line 701, in _save_states_and_entities
    self.session.process_entities(
  File "C:\Users\Illia\AppData\Local\Programs\Python\Python310\lib\site-packages\telethon\sessions\sqlite.py", line 301, in process_entities
    c.executemany(
sqlite3.OperationalError: database is locked
Task exception was never retrieved
future: <Task finished name='Task-15' coro=<TelegramBaseClient._disconnect_coro() done, defined at C:\Users\Illia\AppData\Local\Programs\Python\Python310\lib\site-packages\telethon\client\telegrambaseclient.py:716> exception=OperationalError('database is locked')>
Traceback (most recent call last):
  File "C:\Users\Illia\AppData\Local\Programs\Python\Python310\lib\site-packages\telethon\client\telegrambaseclient.py", line 746, in _disconnect_coro
    await self._save_states_and_entities()
  File "C:\Users\Illia\AppData\Local\Programs\Python\Python310\lib\site-packages\telethon\client\telegrambaseclient.py", line 701, in _save_states_and_entities
    self.session.process_entities(
  File "C:\Users\Illia\AppData\Local\Programs\Python\Python310\lib\site-packages\telethon\sessions\sqlite.py", line 301, in process_entities
    c.executemany(
sqlite3.OperationalError: database is locked
